TN:
SF:src\app.js
FN:26,(anonymous_0)
FNF:1
FNH:0
FNDA:0,(anonymous_0)
DA:13,0
DA:15,0
DA:22,0
DA:23,0
DA:24,0
DA:26,0
DA:27,0
DA:33,0
DA:34,0
DA:35,0
DA:37,0
LF:11
LH:0
BRF:0
BRH:0
end_of_record
TN:
SF:src\config\env.js
FNF:0
FNH:0
DA:3,0
DA:5,0
LF:2
LH:0
BRF:0
BRH:0
end_of_record
TN:
SF:src\config\passport.js
FN:13,(anonymous_0)
FNF:1
FNH:0
FNDA:0,(anonymous_0)
DA:6,0
DA:14,0
DA:15,0
DA:16,0
DA:18,0
LF:5
LH:0
BRF:0
BRH:0
end_of_record
TN:
SF:src\controllers\activityLog.controller.js
FN:4,(anonymous_0)
FNF:1
FNH:0
FNDA:0,(anonymous_0)
DA:4,0
DA:5,0
DA:7,0
LF:3
LH:0
BRF:0
BRH:0
end_of_record
TN:
SF:src\controllers\auth.controller.js
FN:22,(anonymous_0)
FN:34,(anonymous_1)
FN:48,(anonymous_2)
FN:65,(anonymous_3)
FN:81,(anonymous_4)
FN:92,(anonymous_5)
FN:103,(anonymous_6)
FN:114,(anonymous_7)
FN:123,(anonymous_8)
FN:135,(anonymous_9)
FNF:10
FNH:0
FNDA:0,(anonymous_0)
FNDA:0,(anonymous_1)
FNDA:0,(anonymous_2)
FNDA:0,(anonymous_3)
FNDA:0,(anonymous_4)
FNDA:0,(anonymous_5)
FNDA:0,(anonymous_6)
FNDA:0,(anonymous_7)
FNDA:0,(anonymous_8)
FNDA:0,(anonymous_9)
DA:15,0
DA:22,0
DA:23,0
DA:25,0
DA:27,0
DA:34,0
DA:35,0
DA:37,0
DA:39,0
DA:48,0
DA:49,0
DA:51,0
DA:53,0
DA:55,0
DA:65,0
DA:66,0
DA:68,0
DA:70,0
DA:72,0
DA:81,0
DA:82,0
DA:84,0
DA:86,0
DA:92,0
DA:93,0
DA:95,0
DA:97,0
DA:103,0
DA:104,0
DA:106,0
DA:108,0
DA:114,0
DA:115,0
DA:117,0
DA:123,0
DA:124,0
DA:126,0
DA:128,0
DA:135,0
DA:136,0
DA:138,0
DA:140,0
LF:42
LH:0
BRF:0
BRH:0
end_of_record
TN:
SF:src\controllers\post.controller.js
FN:11,(anonymous_0)
FN:20,(anonymous_1)
FN:29,(anonymous_2)
FN:42,(anonymous_3)
FN:62,(anonymous_4)
FN:75,(anonymous_5)
FNF:6
FNH:0
FNDA:0,(anonymous_0)
FNDA:0,(anonymous_1)
FNDA:0,(anonymous_2)
FNDA:0,(anonymous_3)
FNDA:0,(anonymous_4)
FNDA:0,(anonymous_5)
DA:11,0
DA:12,0
DA:14,0
DA:20,0
DA:21,0
DA:23,0
DA:29,0
DA:30,0
DA:31,0
DA:33,0
DA:35,0
DA:42,0
DA:43,0
DA:44,0
DA:45,0
DA:47,0
DA:55,0
DA:62,0
DA:63,0
DA:64,0
DA:66,0
DA:68,0
DA:75,0
DA:76,0
DA:78,0
LF:25
LH:0
BRF:0
BRH:0
end_of_record
TN:
SF:src\middleware\auth.middleware.js
FN:3,(anonymous_0)
FNF:1
FNH:0
FNDA:0,(anonymous_0)
DA:3,0
DA:4,0
DA:5,0
DA:7,0
DA:8,0
DA:14,0
DA:15,0
DA:17,0
DA:18,0
DA:20,0
LF:10
LH:0
BRDA:7,0,0,0
BRDA:7,0,1,0
BRDA:7,1,0,0
BRDA:7,1,1,0
BRF:4
BRH:0
end_of_record
TN:
SF:src\middleware\error.middleware.js
FN:1,(anonymous_0)
FNF:1
FNH:0
FNDA:0,(anonymous_0)
DA:1,0
DA:3,0
DA:12,0
LF:3
LH:0
BRDA:3,0,0,0
BRDA:3,0,1,0
BRDA:3,1,0,0
BRDA:3,1,1,0
BRDA:5,2,0,0
BRDA:5,2,1,0
BRDA:7,3,0,0
BRDA:7,3,1,0
BRDA:7,4,0,0
BRDA:7,4,1,0
BRDA:14,5,0,0
BRDA:14,5,1,0
BRF:12
BRH:0
end_of_record
TN:
SF:src\middleware\role.middleware.js
FN:1,(anonymous_0)
FN:2,(anonymous_1)
FNF:2
FNH:0
FNDA:0,(anonymous_0)
FNDA:0,(anonymous_1)
DA:1,0
DA:2,0
DA:3,0
DA:4,0
DA:6,0
DA:7,0
DA:13,0
DA:15,0
LF:8
LH:0
BRDA:6,0,0,0
BRDA:6,0,1,0
BRDA:6,1,0,0
BRDA:6,1,1,0
BRF:4
BRH:0
end_of_record
TN:
SF:src\middleware\validate.middleware.js
FN:1,(anonymous_0)
FN:2,(anonymous_1)
FN:16,(anonymous_2)
FNF:3
FNH:0
FNDA:0,(anonymous_0)
FNDA:0,(anonymous_1)
FNDA:0,(anonymous_2)
DA:1,0
DA:2,0
DA:3,0
DA:4,0
DA:10,0
DA:12,0
DA:16,0
LF:7
LH:0
BRDA:16,0,0,0
BRDA:16,0,1,0
BRF:2
BRH:0
end_of_record
TN:
SF:src\models\activityLog.model.js
FNF:0
FNH:0
DA:3,0
DA:27,0
LF:2
LH:0
BRF:0
BRH:0
end_of_record
TN:
SF:src\repositories\activityLog.repository.js
FN:3,(anonymous_0)
FN:7,(anonymous_1)
FNF:2
FNH:0
FNDA:0,(anonymous_0)
FNDA:0,(anonymous_1)
DA:3,0
DA:4,0
DA:7,0
DA:8,0
LF:4
LH:0
BRF:0
BRH:0
end_of_record
TN:
SF:src\repositories\auth.repository.js
FN:3,(anonymous_0)
FN:11,(anonymous_1)
FN:27,(anonymous_2)
FN:39,(anonymous_3)
FN:51,(anonymous_4)
FN:57,(anonymous_5)
FN:69,(anonymous_6)
FN:75,(anonymous_7)
FNF:8
FNH:0
FNDA:0,(anonymous_0)
FNDA:0,(anonymous_1)
FNDA:0,(anonymous_2)
FNDA:0,(anonymous_3)
FNDA:0,(anonymous_4)
FNDA:0,(anonymous_5)
FNDA:0,(anonymous_6)
FNDA:0,(anonymous_7)
DA:3,0
DA:4,0
DA:8,0
DA:11,0
DA:17,0
DA:24,0
DA:27,0
DA:28,0
DA:36,0
DA:39,0
DA:40,0
DA:48,0
DA:51,0
DA:52,0
DA:54,0
DA:57,0
DA:58,0
DA:66,0
DA:69,0
DA:70,0
DA:72,0
DA:75,0
DA:76,0
DA:80,0
DA:81,0
DA:84,0
DA:91,0
LF:27
LH:0
BRDA:15,0,0,0
BRDA:80,1,0,0
BRDA:80,1,1,0
BRF:3
BRH:0
end_of_record
TN:
SF:src\repositories\post.repository.js
FN:3,(anonymous_0)
FN:21,(anonymous_1)
FN:43,(anonymous_2)
FN:48,(anonymous_3)
FN:56,(anonymous_4)
FN:64,(anonymous_5)
FNF:6
FNH:0
FNDA:0,(anonymous_0)
FNDA:0,(anonymous_1)
FNDA:0,(anonymous_2)
FNDA:0,(anonymous_3)
FNDA:0,(anonymous_4)
FNDA:0,(anonymous_5)
DA:3,0
DA:4,0
DA:18,0
DA:21,0
DA:22,0
DA:40,0
DA:43,0
DA:44,0
DA:45,0
DA:48,0
DA:49,0
DA:53,0
DA:56,0
DA:57,0
DA:61,0
DA:64,0
DA:65,0
DA:69,0
LF:18
LH:0
BRF:0
BRH:0
end_of_record
TN:
SF:src\routes\activityLog.routes.js
FNF:0
FNH:0
DA:6,0
DA:8,0
LF:2
LH:0
BRF:0
BRH:0
end_of_record
TN:
SF:src\routes\auth.routes.js
FN:53,(anonymous_0)
FNF:1
FNH:0
FNDA:0,(anonymous_0)
DA:27,0
DA:29,0
DA:30,0
DA:31,0
DA:32,0
DA:33,0
DA:34,0
DA:36,0
DA:44,0
DA:53,0
DA:54,0
DA:60,0
DA:61,0
DA:67,0
LF:14
LH:0
BRF:0
BRH:0
end_of_record
TN:
SF:src\routes\post.routes.js
FNF:0
FNH:0
DA:18,0
DA:20,0
DA:21,0
DA:22,0
DA:24,0
DA:25,0
DA:26,0
LF:7
LH:0
BRF:0
BRH:0
end_of_record
TN:
SF:src\services\activityLog.service.js
FN:6,(anonymous_0)
FN:14,(anonymous_1)
FNF:2
FNH:0
FNDA:0,(anonymous_0)
FNDA:0,(anonymous_1)
DA:6,0
DA:7,0
DA:8,0
DA:11,0
DA:14,0
DA:15,0
LF:6
LH:0
BRDA:7,0,0,0
BRDA:7,0,1,0
BRDA:7,1,0,0
BRDA:7,1,1,0
BRDA:7,1,2,0
BRF:5
BRH:0
end_of_record
TN:
SF:src\services\auth.service.js
FN:22,(anonymous_0)
FN:26,(anonymous_1)
FN:52,(anonymous_2)
FN:110,(anonymous_3)
FN:165,(anonymous_4)
FN:205,(anonymous_5)
FN:243,(anonymous_6)
FN:277,(anonymous_7)
FN:299,(anonymous_8)
FN:316,(anonymous_9)
FN:342,(anonymous_10)
FN:362,(anonymous_11)
FNF:12
FNH:10
FNDA:1,(anonymous_0)
FNDA:3,(anonymous_1)
FNDA:3,(anonymous_2)
FNDA:3,(anonymous_3)
FNDA:2,(anonymous_4)
FNDA:3,(anonymous_5)
FNDA:3,(anonymous_6)
FNDA:2,(anonymous_7)
FNDA:2,(anonymous_8)
FNDA:3,(anonymous_9)
FNDA:0,(anonymous_10)
FNDA:0,(anonymous_11)
DA:22,2
DA:23,1
DA:26,2
DA:27,3
DA:28,1
DA:31,2
DA:33,2
DA:34,1
DA:37,1
DA:39,1
DA:41,1
DA:49,1
DA:52,2
DA:53,3
DA:54,1
DA:57,2
DA:59,2
DA:60,1
DA:67,1
DA:70,1
DA:72,1
DA:73,0
DA:81,0
DA:84,1
DA:86,1
DA:90,1
DA:96,1
DA:104,1
DA:110,2
DA:111,3
DA:112,1
DA:115,2
DA:117,2
DA:118,1
DA:121,1
DA:122,1
DA:125,0
DA:127,0
DA:129,0
DA:130,0
DA:133,0
DA:134,0
DA:137,0
DA:138,0
DA:140,0
DA:144,0
DA:152,0
DA:165,2
DA:166,2
DA:167,1
DA:170,1
DA:172,0
DA:174,0
DA:175,0
DA:178,0
DA:180,0
DA:181,0
DA:184,0
DA:185,0
DA:187,0
DA:191,0
DA:199,0
DA:205,2
DA:206,3
DA:207,1
DA:210,2
DA:212,2
DA:213,1
DA:216,1
DA:218,1
DA:222,1
DA:224,1
DA:230,1
DA:238,1
DA:243,2
DA:244,3
DA:245,1
DA:248,2
DA:250,2
DA:251,1
DA:254,1
DA:256,1
DA:258,1
DA:259,0
DA:262,1
DA:264,1
DA:272,1
DA:277,2
DA:278,2
DA:279,1
DA:282,1
DA:284,1
DA:286,1
DA:294,1
DA:299,2
DA:300,2
DA:302,2
DA:303,1
DA:306,1
DA:316,2
DA:317,3
DA:318,1
DA:321,2
DA:322,1
DA:325,1
DA:327,1
DA:328,0
DA:331,1
DA:339,1
DA:342,2
DA:343,0
DA:344,0
DA:345,0
DA:347,0
DA:349,0
DA:350,0
DA:352,0
DA:356,0
DA:362,0
DA:364,0
LF:120
LH:84
BRDA:27,0,0,1
BRDA:27,0,1,2
BRDA:27,1,0,3
BRDA:27,1,1,2
BRDA:27,1,2,2
BRDA:33,2,0,1
BRDA:33,2,1,1
BRDA:53,3,0,1
BRDA:53,3,1,2
BRDA:53,4,0,3
BRDA:53,4,1,2
BRDA:59,5,0,1
BRDA:59,5,1,1
BRDA:72,6,0,0
BRDA:72,6,1,1
BRDA:111,7,0,1
BRDA:111,7,1,2
BRDA:111,8,0,3
BRDA:111,8,1,2
BRDA:117,9,0,1
BRDA:117,9,1,1
BRDA:121,10,0,1
BRDA:121,10,1,0
BRDA:129,11,0,0
BRDA:129,11,1,0
BRDA:133,12,0,0
BRDA:133,12,1,0
BRDA:166,13,0,1
BRDA:166,13,1,1
BRDA:174,14,0,0
BRDA:174,14,1,0
BRDA:174,15,0,0
BRDA:174,15,1,0
BRDA:180,16,0,0
BRDA:180,16,1,0
BRDA:206,17,0,1
BRDA:206,17,1,2
BRDA:212,18,0,1
BRDA:212,18,1,1
BRDA:244,19,0,1
BRDA:244,19,1,2
BRDA:244,20,0,3
BRDA:244,20,1,2
BRDA:250,21,0,1
BRDA:250,21,1,1
BRDA:258,22,0,0
BRDA:258,22,1,1
BRDA:278,23,0,1
BRDA:278,23,1,1
BRDA:289,24,0,1
BRDA:289,24,1,0
BRDA:302,25,0,1
BRDA:302,25,1,1
BRDA:317,26,0,1
BRDA:317,26,1,2
BRDA:321,27,0,1
BRDA:321,27,1,1
BRDA:327,28,0,0
BRDA:327,28,1,1
BRF:59
BRH:44
end_of_record
TN:
SF:src\services\post.service.js
FN:13,(anonymous_0)
FN:29,(anonymous_1)
FN:46,(anonymous_2)
FN:71,(anonymous_3)
FN:98,(anonymous_4)
FN:135,(anonymous_5)
FNF:6
FNH:3
FNDA:1,(anonymous_0)
FNDA:0,(anonymous_1)
FNDA:0,(anonymous_2)
FNDA:2,(anonymous_3)
FNDA:0,(anonymous_4)
FNDA:2,(anonymous_5)
DA:13,1
DA:14,1
DA:16,1
DA:17,0
DA:20,1
DA:22,1
DA:26,1
DA:29,1
DA:30,0
DA:31,0
DA:33,0
DA:34,0
DA:37,0
DA:39,0
DA:43,0
DA:46,1
DA:47,0
DA:48,0
DA:51,0
DA:52,0
DA:54,0
DA:55,0
DA:58,0
DA:60,0
DA:61,0
DA:64,0
DA:68,0
DA:71,1
DA:72,2
DA:73,1
DA:76,1
DA:78,1
DA:79,0
DA:82,1
DA:84,1
DA:85,1
DA:87,1
DA:95,1
DA:98,1
DA:99,0
DA:100,0
DA:103,0
DA:104,0
DA:107,0
DA:109,0
DA:110,0
DA:113,0
DA:114,0
DA:117,0
DA:118,0
DA:120,0
DA:121,0
DA:122,0
DA:124,0
DA:132,0
DA:135,1
DA:136,2
DA:137,0
DA:140,2
DA:142,2
DA:143,1
DA:146,1
DA:147,1
DA:150,0
DA:152,0
DA:153,0
DA:154,0
DA:156,0
DA:163,0
LF:69
LH:26
BRDA:16,0,0,0
BRDA:16,0,1,1
BRDA:33,1,0,0
BRDA:33,1,1,0
BRDA:47,2,0,0
BRDA:47,2,1,0
BRDA:47,3,0,0
BRDA:47,3,1,0
BRDA:54,4,0,0
BRDA:54,4,1,0
BRDA:60,5,0,0
BRDA:60,5,1,0
BRDA:72,6,0,1
BRDA:72,6,1,1
BRDA:78,7,0,0
BRDA:78,7,1,1
BRDA:99,8,0,0
BRDA:99,8,1,0
BRDA:99,9,0,0
BRDA:99,9,1,0
BRDA:103,10,0,0
BRDA:103,10,1,0
BRDA:109,11,0,0
BRDA:109,11,1,0
BRDA:113,12,0,0
BRDA:113,12,1,0
BRDA:113,13,0,0
BRDA:113,13,1,0
BRDA:127,14,0,0
BRDA:127,14,1,0
BRDA:129,15,0,0
BRDA:129,15,1,0
BRDA:136,16,0,0
BRDA:136,16,1,2
BRDA:136,17,0,2
BRDA:136,17,1,2
BRDA:142,18,0,1
BRDA:142,18,1,1
BRDA:146,19,0,1
BRDA:146,19,1,0
BRDA:146,20,0,1
BRDA:146,20,1,1
BRF:42
BRH:12
end_of_record
TN:
SF:src\utils\asyncHandler.js
FN:1,(anonymous_0)
FN:2,(anonymous_1)
FNF:2
FNH:0
FNDA:0,(anonymous_0)
FNDA:0,(anonymous_1)
DA:1,0
DA:2,0
DA:3,0
LF:3
LH:0
BRF:0
BRH:0
end_of_record
TN:
SF:src\utils\jwt.js
FN:5,(anonymous_0)
FN:17,(anonymous_1)
FN:29,(anonymous_2)
FN:33,(anonymous_3)
FN:37,(anonymous_4)
FNF:5
FNH:0
FNDA:0,(anonymous_0)
FNDA:0,(anonymous_1)
FNDA:0,(anonymous_2)
FNDA:0,(anonymous_3)
FNDA:0,(anonymous_4)
DA:5,1
DA:6,0
DA:17,1
DA:18,0
DA:29,1
DA:30,0
DA:33,1
DA:34,0
DA:37,1
DA:38,0
LF:10
LH:5
BRF:0
BRH:0
end_of_record
TN:
SF:src\utils\mail.js
FN:18,(anonymous_0)
FNF:1
FNH:0
FNDA:0,(anonymous_0)
DA:4,0
DA:6,0
DA:7,0
DA:18,0
DA:19,0
DA:20,0
DA:21,0
DA:22,0
DA:23,0
DA:24,0
DA:27,0
LF:11
LH:0
BRDA:6,0,0,0
BRDA:6,0,1,0
BRDA:6,1,0,0
BRDA:6,1,1,0
BRDA:6,1,2,0
BRDA:6,1,3,0
BRDA:19,2,0,0
BRDA:19,2,1,0
BRF:8
BRH:0
end_of_record
TN:
SF:src\validators\auth.validator.js
FNF:0
FNH:0
DA:3,0
DA:16,0
DA:25,0
DA:34,0
DA:42,0
DA:53,0
LF:6
LH:0
BRF:0
BRH:0
end_of_record
TN:
SF:src\validators\post.validator.js
FNF:0
FNH:0
DA:3,0
DA:19,0
DA:37,0
LF:3
LH:0
BRF:0
BRH:0
end_of_record
